2026-06-28 08:42:16,867 [INFO] console log file: D:\TD_Depot\Software\Lugwit_syncPlug\lugwit_insapp\trayapp\rez-package-source\l_notepad\999.0\src\l_notepad\logs\notepad_console.log
2026-06-28 08:42:16,868 [INFO] 触发按钮已切换为: Ctrl+中键
2026-06-28 08:42:16,868 [INFO] WH_MOUSE_LL 钩子已安装 (handle=1710243747)
2026-06-28 08:42:16,870 [INFO] Ctrl 轮询已启动 (QTimer 30ms)
2026-06-28 08:42:16,870 [INFO] 文件夹收藏全局快捷键已启动 (Ctrl+鼠标)
2026-06-28 08:42:17,401 [INFO] 启动低级键盘 Hook 双击 Ctrl 监听，有效间隔 0.05-0.23s
2026-06-28 08:42:17,401 [INFO] 低级键盘 Hook 注册成功，等待双击 Ctrl
官网价格读取失败：RuntimeError('官网价格页未解析到文本模型价格')
选择切换: item_id='__folder__:未归档', selected=1
Traceback (most recent call last):
  File "D:\TD_Depot\Software\Lugwit_syncPlug\lugwit_insapp\trayapp\rez-package-source\l_notepad\999.0\src\l_notepad\ui.py", line 1770, in _on_selection_changed
    self._on_selection_changed_inner()
  File "D:\TD_Depot\Software\Lugwit_syncPlug\lugwit_insapp\trayapp\rez-package-source\l_notepad\999.0\src\l_notepad\ui.py", line 1913, in _on_selection_changed_inner
    note_id = int(item_id)
              ^^^^^^^^^^^^
ValueError: invalid literal for int() with base 10: '__folder__:未归档'
选择切换: item_id=401737381, selected=1
切换到普通笔记: #401737381 笔记.md
右侧面板切换: mode=note, current_tab=0, ai_tabs_valid=True, ai_tabs=False, content_valid=True, content_edit=True, content_hidden=False, content_parent_visible=True, content_size=769x459, ai_answer_edit=False, ai_tabs_count=1
AI 控件可见性: False, changed=10
准备刷新右侧内容: note_id=401737381, title='笔记.md', api_chars=48973
右侧面板切换: mode=note, current_tab=0, ai_tabs_valid=True, ai_tabs=False, content_valid=True, content_edit=True, content_hidden=False, content_parent_visible=True, content_size=769x459, ai_answer_edit=False, ai_tabs_count=1
右侧内容验证: note_id=401737381, title='笔记.md', expected_chars=48973, actual_chars=48973, matches_expected=True, changed=True, visible=True, hidden=False, parents=right_panel:visible=True,hidden=False > splitter_main:visible=True,hidden=False > tab_main:visible=True,hidden=False > qt_tabwidget_stackedwidget:visible=True,hidden=False > tabs:visible=True,hidden=False > MainWindowRoot:visible=True,hidden=False, preview='sk-e0365992728d4327bce4f78c522146ca\nhit_levitate_r_to_l_norm'
选择切换: item_id=732459500, selected=1
切换到普通笔记: #732459500 maya_IntegrateLinkTextures.py
右侧面板切换: mode=note, current_tab=0, ai_tabs_valid=True, ai_tabs=False, content_valid=True, content_edit=True, content_hidden=False, content_parent_visible=True, content_size=769x459, ai_answer_edit=False, ai_tabs_count=1
AI 控件可见性: False, changed=10
准备刷新右侧内容: note_id=732459500, title='maya_IntegrateLinkTextures.py', api_chars=1431
右侧面板切换: mode=note, current_tab=0, ai_tabs_valid=True, ai_tabs=False, content_valid=True, content_edit=True, content_hidden=False, content_parent_visible=True, content_size=769x459, ai_answer_edit=False, ai_tabs_count=1
右侧内容验证: note_id=732459500, title='maya_IntegrateLinkTextures.py', expected_chars=1431, actual_chars=1431, matches_expected=True, changed=True, visible=True, hidden=False, parents=right_panel:visible=True,hidden=False > splitter_main:visible=True,hidden=False > tab_main:visible=True,hidden=False > qt_tabwidget_stackedwidget:visible=True,hidden=False > tabs:visible=True,hidden=False > MainWindowRoot:visible=True,hidden=False, preview='import sys\nsys.path.append(r"D:\\TD_Depot\\Software\\Lugwit_syn'
选择切换: item_id=401737381, selected=1
切换到普通笔记: #401737381 笔记.md
右侧面板切换: mode=note, current_tab=0, ai_tabs_valid=True, ai_tabs=False, content_valid=True, content_edit=True, content_hidden=False, content_parent_visible=True, content_size=769x459, ai_answer_edit=False, ai_tabs_count=1
AI 控件可见性: False, changed=10
准备刷新右侧内容: note_id=401737381, title='笔记.md', api_chars=48973
右侧面板切换: mode=note, current_tab=0, ai_tabs_valid=True, ai_tabs=False, content_valid=True, content_edit=True, content_hidden=False, content_parent_visible=True, content_size=769x459, ai_answer_edit=False, ai_tabs_count=1
右侧内容验证: note_id=401737381, title='笔记.md', expected_chars=48973, actual_chars=48973, matches_expected=True, changed=True, visible=True, hidden=False, parents=right_panel:visible=True,hidden=False > splitter_main:visible=True,hidden=False > tab_main:visible=True,hidden=False > qt_tabwidget_stackedwidget:visible=True,hidden=False > tabs:visible=True,hidden=False > MainWindowRoot:visible=True,hidden=False, preview='sk-e0365992728d4327bce4f78c522146ca\nhit_levitate_r_to_l_norm'
选择切换: item_id=1574514630, selected=1
切换到普通笔记: #1574514630 migration_report.json
右侧面板切换: mode=note, current_tab=0, ai_tabs_valid=True, ai_tabs=False, content_valid=True, content_edit=True, content_hidden=False, content_parent_visible=True, content_size=769x459, ai_answer_edit=False, ai_tabs_count=1
AI 控件可见性: False, changed=10
准备刷新右侧内容: note_id=1574514630, title='migration_report.json', api_chars=1191
右侧面板切换: mode=note, current_tab=0, ai_tabs_valid=True, ai_tabs=False, content_valid=True, content_edit=True, content_hidden=False, content_parent_visible=True, content_size=769x459, ai_answer_edit=False, ai_tabs_count=1
右侧内容验证: note_id=1574514630, title='migration_report.json', expected_chars=1191, actual_chars=1191, matches_expected=True, changed=True, visible=True, hidden=False, parents=right_panel:visible=True,hidden=False > splitter_main:visible=True,hidden=False > tab_main:visible=True,hidden=False > qt_tabwidget_stackedwidget:visible=True,hidden=False > tabs:visible=True,hidden=False > MainWindowRoot:visible=True,hidden=False, preview='<!DOCTYPE html><html><body><br><br>p, li { white-space: pre-'
选择切换: item_id=147795107, selected=1
切换到普通笔记: #147795107 子解释器.md
右侧面板切换: mode=note, current_tab=0, ai_tabs_valid=True, ai_tabs=False, content_valid=True, content_edit=True, content_hidden=False, content_parent_visible=True, content_size=769x459, ai_answer_edit=False, ai_tabs_count=1
AI 控件可见性: False, changed=10
准备刷新右侧内容: note_id=147795107, title='子解释器.md', api_chars=7382
右侧面板切换: mode=note, current_tab=0, ai_tabs_valid=True, ai_tabs=False, content_valid=True, content_edit=True, content_hidden=False, content_parent_visible=True, content_size=769x459, ai_answer_edit=False, ai_tabs_count=1
右侧内容验证: note_id=147795107, title='子解释器.md', expected_chars=7382, actual_chars=7382, matches_expected=True, changed=True, visible=True, hidden=False, parents=right_panel:visible=True,hidden=False > splitter_main:visible=True,hidden=False > tab_main:visible=True,hidden=False > qt_tabwidget_stackedwidget:visible=True,hidden=False > tabs:visible=True,hidden=False > MainWindowRoot:visible=True,hidden=False, preview='import os\nimport sys\nimport threading\nimport time\nfrom concu'
选择切换: item_id='__folder__:日志A', selected=1
Traceback (most recent call last):
  File "D:\TD_Depot\Software\Lugwit_syncPlug\lugwit_insapp\trayapp\rez-package-source\l_notepad\999.0\src\l_notepad\ui.py", line 1770, in _on_selection_changed
    self._on_selection_changed_inner()
  File "D:\TD_Depot\Software\Lugwit_syncPlug\lugwit_insapp\trayapp\rez-package-source\l_notepad\999.0\src\l_notepad\ui.py", line 1913, in _on_selection_changed_inner
    note_id = int(item_id)
              ^^^^^^^^^^^^
ValueError: invalid literal for int() with base 10: '__folder__:日志A'
选择切换: item_id=1574514630, selected=1
切换到普通笔记: #1574514630 migration_report.json
右侧面板切换: mode=note, current_tab=0, ai_tabs_valid=True, ai_tabs=False, content_valid=True, content_edit=True, content_hidden=False, content_parent_visible=True, content_size=769x459, ai_answer_edit=False, ai_tabs_count=1
AI 控件可见性: False, changed=10
准备刷新右侧内容: note_id=1574514630, title='migration_report.json', api_chars=1191
右侧面板切换: mode=note, current_tab=0, ai_tabs_valid=True, ai_tabs=False, content_valid=True, content_edit=True, content_hidden=False, content_parent_visible=True, content_size=769x459, ai_answer_edit=False, ai_tabs_count=1
右侧内容验证: note_id=1574514630, title='migration_report.json', expected_chars=1191, actual_chars=1191, matches_expected=True, changed=True, visible=True, hidden=False, parents=right_panel:visible=True,hidden=False > splitter_main:visible=True,hidden=False > tab_main:visible=True,hidden=False > qt_tabwidget_stackedwidget:visible=True,hidden=False > tabs:visible=True,hidden=False > MainWindowRoot:visible=True,hidden=False, preview='<!DOCTYPE html><html><body><br><br>p, li { white-space: pre-'
选择切换: item_id=401737381, selected=1
切换到普通笔记: #401737381 笔记.md
右侧面板切换: mode=note, current_tab=0, ai_tabs_valid=True, ai_tabs=False, content_valid=True, content_edit=True, content_hidden=False, content_parent_visible=True, content_size=769x459, ai_answer_edit=False, ai_tabs_count=1
AI 控件可见性: False, changed=10
准备刷新右侧内容: note_id=401737381, title='笔记.md', api_chars=48973
右侧面板切换: mode=note, current_tab=0, ai_tabs_valid=True, ai_tabs=False, content_valid=True, content_edit=True, content_hidden=False, content_parent_visible=True, content_size=769x459, ai_answer_edit=False, ai_tabs_count=1
右侧内容验证: note_id=401737381, title='笔记.md', expected_chars=48973, actual_chars=48973, matches_expected=True, changed=True, visible=True, hidden=False, parents=right_panel:visible=True,hidden=False > splitter_main:visible=True,hidden=False > tab_main:visible=True,hidden=False > qt_tabwidget_stackedwidget:visible=True,hidden=False > tabs:visible=True,hidden=False > MainWindowRoot:visible=True,hidden=False, preview='sk-e0365992728d4327bce4f78c522146ca\nhit_levitate_r_to_l_norm'
选择切换: item_id=732459500, selected=1
切换到普通笔记: #732459500 maya_IntegrateLinkTextures.py
右侧面板切换: mode=note, current_tab=0, ai_tabs_valid=True, ai_tabs=False, content_valid=True, content_edit=True, content_hidden=False, content_parent_visible=True, content_size=769x459, ai_answer_edit=False, ai_tabs_count=1
AI 控件可见性: False, changed=10
准备刷新右侧内容: note_id=732459500, title='maya_IntegrateLinkTextures.py', api_chars=1431
右侧面板切换: mode=note, current_tab=0, ai_tabs_valid=True, ai_tabs=False, content_valid=True, content_edit=True, content_hidden=False, content_parent_visible=True, content_size=769x459, ai_answer_edit=False, ai_tabs_count=1
右侧内容验证: note_id=732459500, title='maya_IntegrateLinkTextures.py', expected_chars=1431, actual_chars=1431, matches_expected=True, changed=True, visible=True, hidden=False, parents=right_panel:visible=True,hidden=False > splitter_main:visible=True,hidden=False > tab_main:visible=True,hidden=False > qt_tabwidget_stackedwidget:visible=True,hidden=False > tabs:visible=True,hidden=False > MainWindowRoot:visible=True,hidden=False, preview='import sys\nsys.path.append(r"D:\\TD_Depot\\Software\\Lugwit_syn'
选择切换: item_id=1613865054, selected=1
切换到普通笔记: #1613865054 跟踪初始化参数.md
右侧面板切换: mode=note, current_tab=0, ai_tabs_valid=True, ai_tabs=False, content_valid=True, content_edit=True, content_hidden=False, content_parent_visible=True, content_size=769x459, ai_answer_edit=False, ai_tabs_count=1
AI 控件可见性: False, changed=10
准备刷新右侧内容: note_id=1613865054, title='跟踪初始化参数.md', api_chars=963
右侧面板切换: mode=note, current_tab=0, ai_tabs_valid=True, ai_tabs=False, content_valid=True, content_edit=True, content_hidden=False, content_parent_visible=True, content_size=769x459, ai_answer_edit=False, ai_tabs_count=1
右侧内容验证: note_id=1613865054, title='跟踪初始化参数.md', expected_chars=963, actual_chars=963, matches_expected=True, changed=True, visible=True, hidden=False, parents=right_panel:visible=True,hidden=False > splitter_main:visible=True,hidden=False > tab_main:visible=True,hidden=False > qt_tabwidget_stackedwidget:visible=True,hidden=False > tabs:visible=True,hidden=False > MainWindowRoot:visible=True,hidden=False, preview='已经继续改了，方向已经从 UI 彻底往数据中心挪。\n\n这次的关键变化是：\n\n- `FolderNode.build_ce'
选择切换: item_id=2126732871, selected=1
切换到普通笔记: #2126732871 软链关系.md
右侧面板切换: mode=note, current_tab=0, ai_tabs_valid=True, ai_tabs=False, content_valid=True, content_edit=True, content_hidden=False, content_parent_visible=True, content_size=769x459, ai_answer_edit=False, ai_tabs_count=1
AI 控件可见性: False, changed=10
准备刷新右侧内容: note_id=2126732871, title='软链关系.md', api_chars=226
右侧面板切换: mode=note, current_tab=0, ai_tabs_valid=True, ai_tabs=False, content_valid=True, content_edit=True, content_hidden=False, content_parent_visible=True, content_size=769x459, ai_answer_edit=False, ai_tabs_count=1
右侧内容验证: note_id=2126732871, title='软链关系.md', expected_chars=226, actual_chars=226, matches_expected=True, changed=True, visible=True, hidden=False, parents=right_panel:visible=True,hidden=False > splitter_main:visible=True,hidden=False > tab_main:visible=True,hidden=False > qt_tabwidget_stackedwidget:visible=True,hidden=False > tabs:visible=True,hidden=False > MainWindowRoot:visible=True,hidden=False, preview='## 外派模式\n外包的master贴图文件指向外包版本的贴图文件(遇到hash值一致指向之前的版本目录)\n具体的某个版本'
选择切换: item_id=147795107, selected=1
切换到普通笔记: #147795107 子解释器.md
右侧面板切换: mode=note, current_tab=0, ai_tabs_valid=True, ai_tabs=False, content_valid=True, content_edit=True, content_hidden=False, content_parent_visible=True, content_size=769x459, ai_answer_edit=False, ai_tabs_count=1
AI 控件可见性: False, changed=10
准备刷新右侧内容: note_id=147795107, title='子解释器.md', api_chars=7382
右侧面板切换: mode=note, current_tab=0, ai_tabs_valid=True, ai_tabs=False, content_valid=True, content_edit=True, content_hidden=False, content_parent_visible=True, content_size=769x459, ai_answer_edit=False, ai_tabs_count=1
右侧内容验证: note_id=147795107, title='子解释器.md', expected_chars=7382, actual_chars=7382, matches_expected=True, changed=True, visible=True, hidden=False, parents=right_panel:visible=True,hidden=False > splitter_main:visible=True,hidden=False > tab_main:visible=True,hidden=False > qt_tabwidget_stackedwidget:visible=True,hidden=False > tabs:visible=True,hidden=False > MainWindowRoot:visible=True,hidden=False, preview='import os\nimport sys\nimport threading\nimport time\nfrom concu'
选择切换: item_id=401737381, selected=1
切换到普通笔记: #401737381 笔记.md
右侧面板切换: mode=note, current_tab=0, ai_tabs_valid=True, ai_tabs=False, content_valid=True, content_edit=True, content_hidden=False, content_parent_visible=True, content_size=769x459, ai_answer_edit=False, ai_tabs_count=1
AI 控件可见性: False, changed=10
准备刷新右侧内容: note_id=401737381, title='笔记.md', api_chars=48973
右侧面板切换: mode=note, current_tab=0, ai_tabs_valid=True, ai_tabs=False, content_valid=True, content_edit=True, content_hidden=False, content_parent_visible=True, content_size=769x459, ai_answer_edit=False, ai_tabs_count=1
右侧内容验证: note_id=401737381, title='笔记.md', expected_chars=48973, actual_chars=48973, matches_expected=True, changed=True, visible=True, hidden=False, parents=right_panel:visible=True,hidden=False > splitter_main:visible=True,hidden=False > tab_main:visible=True,hidden=False > qt_tabwidget_stackedwidget:visible=True,hidden=False > tabs:visible=True,hidden=False > MainWindowRoot:visible=True,hidden=False, preview='sk-e0365992728d4327bce4f78c522146ca\nhit_levitate_r_to_l_norm'
选择切换: item_id=1722501755, selected=1
切换到普通笔记: #1722501755 aa.log
右侧面板切换: mode=note, current_tab=0, ai_tabs_valid=True, ai_tabs=False, content_valid=True, content_edit=True, content_hidden=False, content_parent_visible=True, content_size=769x459, ai_answer_edit=False, ai_tabs_count=1
AI 控件可见性: False, changed=10
准备刷新右侧内容: note_id=1722501755, title='aa.log', api_chars=6
日志文件缓存加载: path='D:\\TD_Depot\\Software\\Lugwit_syncPlug\\lugwit_insapp\\trayapp\\rez-package-source\\l_notepad\\999.0\\src\\l_notepad\\notepad_list\\aa.log', loaded=True, chars=6
右侧面板切换: mode=note, current_tab=0, ai_tabs_valid=True, ai_tabs=False, content_valid=True, content_edit=True, content_hidden=False, content_parent_visible=True, content_size=769x459, ai_answer_edit=False, ai_tabs_count=1
右侧内容验证: note_id=1722501755, title='aa.log', expected_chars=6, actual_chars=6, matches_expected=True, changed=True, visible=True, hidden=False, parents=right_panel:visible=True,hidden=False > splitter_main:visible=True,hidden=False > tab_main:visible=True,hidden=False > qt_tabwidget_stackedwidget:visible=True,hidden=False > tabs:visible=True,hidden=False > MainWindowRoot:visible=True,hidden=False, preview='是的撒旦撒旦'
选择切换: item_id='__ask_ai__', selected=1
切换到 AI 模式
进入 AI 模式，session_id=None
右侧面板切换: mode=ai, current_tab=0, ai_tabs_valid=True, ai_tabs=True, content_valid=True, content_edit=False, content_hidden=True, content_parent_visible=True, content_size=769x224, ai_answer_edit=False, ai_tabs_count=1
尝试从当前 AI 标签页获取会话: index=0, session_id='1782468137002'
AI 当前会话: 1782468137002 / 问AI 1
AI 标签页数量: 1
AI tabs visible after select: True
当前 AI 标签页索引: 0
定位到 AI 标签页索引: 0
AI 控件可见性: True, changed=10
AI 模式切换完成
选择切换: item_id=1574514630, selected=1
切换到普通笔记: #1574514630 migration_report.json
右侧面板切换: mode=note, current_tab=0, ai_tabs_valid=True, ai_tabs=False, content_valid=True, content_edit=True, content_hidden=False, content_parent_visible=True, content_size=769x417, ai_answer_edit=False, ai_tabs_count=1
AI 控件可见性: False, changed=10
准备刷新右侧内容: note_id=1574514630, title='migration_report.json', api_chars=1191
右侧面板切换: mode=note, current_tab=0, ai_tabs_valid=True, ai_tabs=False, content_valid=True, content_edit=True, content_hidden=False, content_parent_visible=True, content_size=769x459, ai_answer_edit=False, ai_tabs_count=1
右侧内容验证: note_id=1574514630, title='migration_report.json', expected_chars=1191, actual_chars=1191, matches_expected=True, changed=True, visible=True, hidden=False, parents=right_panel:visible=True,hidden=False > splitter_main:visible=True,hidden=False > tab_main:visible=True,hidden=False > qt_tabwidget_stackedwidget:visible=True,hidden=False > tabs:visible=True,hidden=False > MainWindowRoot:visible=True,hidden=False, preview='<!DOCTYPE html><html><body><br><br>p, li { white-space: pre-'
选择切换: item_id=494461420, selected=1
切换到普通笔记: #494461420 Python示例.py
右侧面板切换: mode=note, current_tab=0, ai_tabs_valid=True, ai_tabs=False, content_valid=True, content_edit=True, content_hidden=False, content_parent_visible=True, content_size=769x459, ai_answer_edit=False, ai_tabs_count=1
AI 控件可见性: False, changed=10
准备刷新右侧内容: note_id=494461420, title='Python示例.py', api_chars=1456
右侧面板切换: mode=note, current_tab=0, ai_tabs_valid=True, ai_tabs=False, content_valid=True, content_edit=True, content_hidden=False, content_parent_visible=True, content_size=769x459, ai_answer_edit=False, ai_tabs_count=1
右侧内容验证: note_id=494461420, title='Python示例.py', expected_chars=1456, actual_chars=1456, matches_expected=True, changed=True, visible=True, hidden=False, parents=right_panel:visible=True,hidden=False > splitter_main:visible=True,hidden=False > tab_main:visible=True,hidden=False > qt_tabwidget_stackedwidget:visible=True,hidden=False > tabs:visible=True,hidden=False > MainWindowRoot:visible=True,hidden=False, preview='import sys\nsys.path.append(r"D:\\TD_Depot\\Software\\Lugwit_syn'
选择切换: item_id='__external_folder__', selected=1
Traceback (most recent call last):
  File "D:\TD_Depot\Software\Lugwit_syncPlug\lugwit_insapp\trayapp\rez-package-source\l_notepad\999.0\src\l_notepad\ui.py", line 1770, in _on_selection_changed
    self._on_selection_changed_inner()
  File "D:\TD_Depot\Software\Lugwit_syncPlug\lugwit_insapp\trayapp\rez-package-source\l_notepad\999.0\src\l_notepad\ui.py", line 1913, in _on_selection_changed_inner
    note_id = int(item_id)
              ^^^^^^^^^^^^
ValueError: invalid literal for int() with base 10: '__external_folder__'
选择切换: item_id=2142272910, selected=1
切换到普通笔记: #2142272910 temp.md
右侧面板切换: mode=note, current_tab=0, ai_tabs_valid=True, ai_tabs=False, content_valid=True, content_edit=True, content_hidden=False, content_parent_visible=True, content_size=769x459, ai_answer_edit=False, ai_tabs_count=1
AI 控件可见性: False, changed=10
准备刷新右侧内容: note_id=2142272910, title='temp.md', api_chars=257
右侧面板切换: mode=note, current_tab=0, ai_tabs_valid=True, ai_tabs=False, content_valid=True, content_edit=True, content_hidden=False, content_parent_visible=True, content_size=769x459, ai_answer_edit=False, ai_tabs_count=1
右侧内容验证: note_id=2142272910, title='temp.md', expected_chars=257, actual_chars=257, matches_expected=True, changed=True, visible=True, hidden=False, parents=right_panel:visible=True,hidden=False > splitter_main:visible=True,hidden=False > tab_main:visible=True,hidden=False > qt_tabwidget_stackedwidget:visible=True,hidden=False > tabs:visible=True,hidden=False > MainWindowRoot:visible=True,hidden=False, preview='\n`NodeDetailDialog` 的 `_detect_kind` 已经覆盖了全部 5 种节点类型。问题是——右键'
选择切换: item_id='__server_log_folder__', selected=1
选择切换: item_id=401737381, selected=1
切换到普通笔记: #401737381 笔记.md
右侧面板切换: mode=note, current_tab=0, ai_tabs_valid=True, ai_tabs=False, content_valid=True, content_edit=True, content_hidden=False, content_parent_visible=True, content_size=769x459, ai_answer_edit=False, ai_tabs_count=1
AI 控件可见性: False, changed=10
准备刷新右侧内容: note_id=401737381, title='笔记.md', api_chars=48973
右侧面板切换: mode=note, current_tab=0, ai_tabs_valid=True, ai_tabs=False, content_valid=True, content_edit=True, content_hidden=False, content_parent_visible=True, content_size=769x459, ai_answer_edit=False, ai_tabs_count=1
右侧内容验证: note_id=401737381, title='笔记.md', expected_chars=48973, actual_chars=48973, matches_expected=True, changed=True, visible=True, hidden=False, parents=right_panel:visible=True,hidden=False > splitter_main:visible=True,hidden=False > tab_main:visible=True,hidden=False > qt_tabwidget_stackedwidget:visible=True,hidden=False > tabs:visible=True,hidden=False > MainWindowRoot:visible=True,hidden=False, preview='sk-e0365992728d4327bce4f78c522146ca\nhit_levitate_r_to_l_norm'
选择切换: item_id=494461420, selected=1
切换到普通笔记: #494461420 Python示例.py
右侧面板切换: mode=note, current_tab=0, ai_tabs_valid=True, ai_tabs=False, content_valid=True, content_edit=True, content_hidden=False, content_parent_visible=True, content_size=769x459, ai_answer_edit=False, ai_tabs_count=1
AI 控件可见性: False, changed=10
准备刷新右侧内容: note_id=494461420, title='Python示例.py', api_chars=1456
右侧面板切换: mode=note, current_tab=0, ai_tabs_valid=True, ai_tabs=False, content_valid=True, content_edit=True, content_hidden=False, content_parent_visible=True, content_size=769x459, ai_answer_edit=False, ai_tabs_count=1
右侧内容验证: note_id=494461420, title='Python示例.py', expected_chars=1456, actual_chars=1456, matches_expected=True, changed=True, visible=True, hidden=False, parents=right_panel:visible=True,hidden=False > splitter_main:visible=True,hidden=False > tab_main:visible=True,hidden=False > qt_tabwidget_stackedwidget:visible=True,hidden=False > tabs:visible=True,hidden=False > MainWindowRoot:visible=True,hidden=False, preview='import sys\nsys.path.append(r"D:\\TD_Depot\\Software\\Lugwit_syn'
选择切换: item_id=1574514630, selected=1
切换到普通笔记: #1574514630 migration_report.json
右侧面板切换: mode=note, current_tab=0, ai_tabs_valid=True, ai_tabs=False, content_valid=True, content_edit=True, content_hidden=False, content_parent_visible=True, content_size=769x459, ai_answer_edit=False, ai_tabs_count=1
AI 控件可见性: False, changed=10
准备刷新右侧内容: note_id=1574514630, title='migration_report.json', api_chars=1191
右侧面板切换: mode=note, current_tab=0, ai_tabs_valid=True, ai_tabs=False, content_valid=True, content_edit=True, content_hidden=False, content_parent_visible=True, content_size=769x459, ai_answer_edit=False, ai_tabs_count=1
右侧内容验证: note_id=1574514630, title='migration_report.json', expected_chars=1191, actual_chars=1191, matches_expected=True, changed=True, visible=True, hidden=False, parents=right_panel:visible=True,hidden=False > splitter_main:visible=True,hidden=False > tab_main:visible=True,hidden=False > qt_tabwidget_stackedwidget:visible=True,hidden=False > tabs:visible=True,hidden=False > MainWindowRoot:visible=True,hidden=False, preview='<!DOCTYPE html><html><body><br><br>p, li { white-space: pre-'
选择切换: item_id=401737381, selected=1
切换到普通笔记: #401737381 笔记.md
右侧面板切换: mode=note, current_tab=0, ai_tabs_valid=True, ai_tabs=False, content_valid=True, content_edit=True, content_hidden=False, content_parent_visible=True, content_size=769x459, ai_answer_edit=False, ai_tabs_count=1
AI 控件可见性: False, changed=10
准备刷新右侧内容: note_id=401737381, title='笔记.md', api_chars=48973
右侧面板切换: mode=note, current_tab=0, ai_tabs_valid=True, ai_tabs=False, content_valid=True, content_edit=True, content_hidden=False, content_parent_visible=True, content_size=769x459, ai_answer_edit=False, ai_tabs_count=1
右侧内容验证: note_id=401737381, title='笔记.md', expected_chars=48973, actual_chars=48973, matches_expected=True, changed=True, visible=True, hidden=False, parents=right_panel:visible=True,hidden=False > splitter_main:visible=True,hidden=False > tab_main:visible=True,hidden=False > qt_tabwidget_stackedwidget:visible=True,hidden=False > tabs:visible=True,hidden=False > MainWindowRoot:visible=True,hidden=False, preview='sk-e0365992728d4327bce4f78c522146ca\nhit_levitate_r_to_l_norm'
选择切换: item_id=732459500, selected=1
切换到普通笔记: #732459500 maya_IntegrateLinkTextures.py
右侧面板切换: mode=note, current_tab=0, ai_tabs_valid=True, ai_tabs=False, content_valid=True, content_edit=True, content_hidden=False, content_parent_visible=True, content_size=769x459, ai_answer_edit=False, ai_tabs_count=1
AI 控件可见性: False, changed=10
准备刷新右侧内容: note_id=732459500, title='maya_IntegrateLinkTextures.py', api_chars=1431
右侧面板切换: mode=note, current_tab=0, ai_tabs_valid=True, ai_tabs=False, content_valid=True, content_edit=True, content_hidden=False, content_parent_visible=True, content_size=769x459, ai_answer_edit=False, ai_tabs_count=1
右侧内容验证: note_id=732459500, title='maya_IntegrateLinkTextures.py', expected_chars=1431, actual_chars=1431, matches_expected=True, changed=True, visible=True, hidden=False, parents=right_panel:visible=True,hidden=False > splitter_main:visible=True,hidden=False > tab_main:visible=True,hidden=False > qt_tabwidget_stackedwidget:visible=True,hidden=False > tabs:visible=True,hidden=False > MainWindowRoot:visible=True,hidden=False, preview='import sys\nsys.path.append(r"D:\\TD_Depot\\Software\\Lugwit_syn'
选择切换: item_id=401737381, selected=1
切换到普通笔记: #401737381 笔记.md
右侧面板切换: mode=note, current_tab=0, ai_tabs_valid=True, ai_tabs=False, content_valid=True, content_edit=True, content_hidden=False, content_parent_visible=True, content_size=769x459, ai_answer_edit=False, ai_tabs_count=1
AI 控件可见性: False, changed=10
准备刷新右侧内容: note_id=401737381, title='笔记.md', api_chars=48973
右侧面板切换: mode=note, current_tab=0, ai_tabs_valid=True, ai_tabs=False, content_valid=True, content_edit=True, content_hidden=False, content_parent_visible=True, content_size=769x459, ai_answer_edit=False, ai_tabs_count=1
右侧内容验证: note_id=401737381, title='笔记.md', expected_chars=48973, actual_chars=48973, matches_expected=True, changed=True, visible=True, hidden=False, parents=right_panel:visible=True,hidden=False > splitter_main:visible=True,hidden=False > tab_main:visible=True,hidden=False > qt_tabwidget_stackedwidget:visible=True,hidden=False > tabs:visible=True,hidden=False > MainWindowRoot:visible=True,hidden=False, preview='sk-e0365992728d4327bce4f78c522146ca\nhit_levitate_r_to_l_norm'
